<?xml version="1.0" encoding="UTF-8"?>
<!-- Generated by org.testng.reporters.JUnitXMLReporter -->
<testsuite hostname="Leosavan" name="Default test" tests="7" failures="0" timestamp="14 Feb 2018 07:30:05 GMT" time="10.209" errors="0">
  <testcase name="@BeforeMethod setUp" time="0.0" classname="EncorDashboard.TestScripts.VerifyDashboardData">
    <failure type="org.openqa.selenium.UnhandledAlertException" message="Modal dialog present: 
Build info: version: &amp;apos;2.37.0&amp;apos;, revision: &amp;apos;a7c61cb&amp;apos;, time: &amp;apos;2013-10-18 17:15:02&amp;apos;
System info: host: &amp;apos;Leosavan&amp;apos;, ip: &amp;apos;10.10.11.169&amp;apos;, os.name: &amp;apos;Windows 7&amp;apos;, os.arch: &amp;apos;amd64&amp;apos;, os.version: &amp;apos;6.1&amp;apos;, java.version: &amp;apos;1.8.0_151&amp;apos;
Driver info: org.openqa.selenium.ie.InternetExplorerDriver
Capabilities [{browserAttachTimeout=0, ie.enableFullPageScreenshot=true, enablePersistentHover=true, ie.forceCreateProcessApi=false, ie.forceShellWindowsApi=false, pageLoadStrategy=normal, ignoreZoomSetting=false, ie.fileUploadDialogTimeout=3000, version=10, platform=WINDOWS, nativeEvents=true, ie.ensureCleanSession=false, elementScrollBehavior=0, ie.browserCommandLineSwitches=, requireWindowFocus=false, browserName=internet explorer, initialBrowserUrl=http://localhost:3620/, javascriptEnabled=true, ignoreProtectedModeSettings=false, enableElementCacheCleanup=true, unexpectedAlertBehaviour=dismiss}]
Session ID: 6d65f617-e5cf-4a5e-936b-17e256733a7c">
      <![CDATA[org.openqa.selenium.UnhandledAlertException: Modal dialog present: 
Build info: version: '2.37.0', revision: 'a7c61cb', time: '2013-10-18 17:15:02'
System info: host: 'Leosavan', ip: '10.10.11.169', os.name: 'Windows 7', os.arch: 'amd64', os.version: '6.1', java.version: '1.8.0_151'
Driver info: org.openqa.selenium.ie.InternetExplorerDriver
Capabilities [{browserAttachTimeout=0, ie.enableFullPageScreenshot=true, enablePersistentHover=true, ie.forceCreateProcessApi=false, ie.forceShellWindowsApi=false, pageLoadStrategy=normal, ignoreZoomSetting=false, ie.fileUploadDialogTimeout=3000, version=10, platform=WINDOWS, nativeEvents=true, ie.ensureCleanSession=false, elementScrollBehavior=0, ie.browserCommandLineSwitches=, requireWindowFocus=false, browserName=internet explorer, initialBrowserUrl=http://localhost:3620/, javascriptEnabled=true, ignoreProtectedModeSettings=false, enableElementCacheCleanup=true, unexpectedAlertBehaviour=dismiss}]
Session ID: 6d65f617-e5cf-4a5e-936b-17e256733a7c
	at sun.reflect.NativeConstructorAccessorImpl.newInstance0(Native Method)
	at sun.reflect.NativeConstructorAccessorImpl.newInstance(Unknown Source)
	at sun.reflect.DelegatingConstructorAccessorImpl.newInstance(Unknown Source)
	at java.lang.reflect.Constructor.newInstance(Unknown Source)
	at org.openqa.selenium.remote.ErrorHandler.createThrowable(ErrorHandler.java:193)
	at org.openqa.selenium.remote.ErrorHandler.createUnhandledAlertException(ErrorHandler.java:174)
	at org.openqa.selenium.remote.ErrorHandler.throwIfResponseFailed(ErrorHandler.java:141)
	at org.openqa.selenium.remote.RemoteWebDriver.execute(RemoteWebDriver.java:554)
	at org.openqa.selenium.remote.RemoteWebDriver$RemoteWebDriverOptions$RemoteWindow.maximize(RemoteWebDriver.java:783)
	at EncorDashboard.TestScripts.VerifyDashboardData.setUp(VerifyDashboardData.java:23)
	at sun.reflect.NativeMethodAccessorImpl.invoke0(Native Method)
	at sun.reflect.NativeMethodAccessorImpl.invoke(Unknown Source)
	at sun.reflect.DelegatingMethodAccessorImpl.invoke(Unknown Source)
	at java.lang.reflect.Method.invoke(Unknown Source)
	at org.testng.internal.MethodInvocationHelper.invokeMethod(MethodInvocationHelper.java:80)
	at org.testng.internal.Invoker.invokeConfigurationMethod(Invoker.java:564)
	at org.testng.internal.Invoker.invokeConfigurations(Invoker.java:213)
	at org.testng.internal.Invoker.invokeMethod(Invoker.java:653)
	at org.testng.internal.Invoker.invokeTestMethod(Invoker.java:901)
	at org.testng.internal.Invoker.invokeTestMethods(Invoker.java:1231)
	at org.testng.internal.TestMethodWorker.invokeTestMethods(TestMethodWorker.java:127)
	at org.testng.internal.TestMethodWorker.run(TestMethodWorker.java:111)
	at org.testng.TestRunner.privateRun(TestRunner.java:767)
	at org.testng.TestRunner.run(TestRunner.java:617)
	at org.testng.SuiteRunner.runTest(SuiteRunner.java:334)
	at org.testng.SuiteRunner.runSequentially(SuiteRunner.java:329)
	at org.testng.SuiteRunner.privateRun(SuiteRunner.java:291)
	at org.testng.SuiteRunner.run(SuiteRunner.java:240)
	at org.testng.SuiteRunnerWorker.runSuite(SuiteRunnerWorker.java:52)
	at org.testng.SuiteRunnerWorker.run(SuiteRunnerWorker.java:86)
	at org.testng.TestNG.runSuitesSequentially(TestNG.java:1198)
	at org.testng.TestNG.runSuitesLocally(TestNG.java:1123)
	at org.testng.TestNG.run(TestNG.java:1031)
	at org.testng.remote.AbstractRemoteTestNG.run(AbstractRemoteTestNG.java:114)
	at org.testng.remote.RemoteTestNG.initAndRun(RemoteTestNG.java:251)
	at org.testng.remote.RemoteTestNG.main(RemoteTestNG.java:77)
]]>
    </failure>
  </testcase> <!-- @BeforeMethod setUp -->
  <testcase name="@AfterMethod tearDown" time="0.0" classname="EncorDashboard.TestScripts.VerifyDashboardData">
    <skipped/>
  </testcase> <!-- @AfterMethod tearDown -->
  <testcase name="@BeforeMethod setUp" time="0.0" classname="EncorDashboard.TestScripts.VerifyDashboardData">
    <skipped/>
  </testcase> <!-- @BeforeMethod setUp -->
  <testcase name="@AfterMethod tearDown" time="0.0" classname="EncorDashboard.TestScripts.VerifyDashboardData">
    <skipped/>
  </testcase> <!-- @AfterMethod tearDown -->
  <testcase name="@BeforeMethod setUp" time="0.0" classname="EncorDashboard.TestScripts.VerifyDashboardData">
    <skipped/>
  </testcase> <!-- @BeforeMethod setUp -->
  <testcase name="@AfterMethod tearDown" time="0.0" classname="EncorDashboard.TestScripts.VerifyDashboardData">
    <skipped/>
  </testcase> <!-- @AfterMethod tearDown -->
  <testcase name="@BeforeMethod setUp" time="0.0" classname="EncorDashboard.TestScripts.VerifyDashboardData">
    <skipped/>
  </testcase> <!-- @BeforeMethod setUp -->
  <testcase name="@AfterMethod tearDown" time="0.0" classname="EncorDashboard.TestScripts.VerifyDashboardData">
    <skipped/>
  </testcase> <!-- @AfterMethod tearDown -->
  <testcase name="@BeforeMethod setUp" time="0.0" classname="EncorDashboard.TestScripts.VerifyDashboardData">
    <skipped/>
  </testcase> <!-- @BeforeMethod setUp -->
  <testcase name="@AfterMethod tearDown" time="0.0" classname="EncorDashboard.TestScripts.VerifyDashboardData">
    <skipped/>
  </testcase> <!-- @AfterMethod tearDown -->
  <testcase name="@BeforeMethod setUp" time="0.0" classname="EncorDashboard.TestScripts.VerifyDashboardData">
    <skipped/>
  </testcase> <!-- @BeforeMethod setUp -->
  <testcase name="@AfterMethod tearDown" time="0.0" classname="EncorDashboard.TestScripts.VerifyDashboardData">
    <skipped/>
  </testcase> <!-- @AfterMethod tearDown -->
  <testcase name="@BeforeMethod setUp" time="0.0" classname="EncorDashboard.TestScripts.VerifyDashboardData">
    <skipped/>
  </testcase> <!-- @BeforeMethod setUp -->
  <testcase name="@AfterMethod tearDown" time="0.0" classname="EncorDashboard.TestScripts.VerifyDashboardData">
    <skipped/>
  </testcase> <!-- @AfterMethod tearDown -->
  <testcase name="VerifyDashboardData" time="0.0" classname="EncorDashboard.TestScripts.VerifyDashboardData">
    <skipped/>
  </testcase> <!-- VerifyDashboardData -->
  <testcase name="VerifyDashboardData" time="0.0" classname="EncorDashboard.TestScripts.VerifyDashboardData">
    <skipped/>
  </testcase> <!-- VerifyDashboardData -->
  <testcase name="VerifyDashboardData" time="0.001" classname="EncorDashboard.TestScripts.VerifyDashboardData">
    <skipped/>
  </testcase> <!-- VerifyDashboardData -->
  <testcase name="VerifyDashboardData" time="0.001" classname="EncorDashboard.TestScripts.VerifyDashboardData">
    <skipped/>
  </testcase> <!-- VerifyDashboardData -->
  <testcase name="VerifyDashboardData" time="0.0" classname="EncorDashboard.TestScripts.VerifyDashboardData">
    <skipped/>
  </testcase> <!-- VerifyDashboardData -->
  <testcase name="VerifyDashboardData" time="0.001" classname="EncorDashboard.TestScripts.VerifyDashboardData">
    <skipped/>
  </testcase> <!-- VerifyDashboardData -->
  <testcase name="VerifyDashboardData" time="0.005" classname="EncorDashboard.TestScripts.VerifyDashboardData">
    <skipped/>
  </testcase> <!-- VerifyDashboardData -->
</testsuite> <!-- Default test -->
