<html>
<head>
<title>TestNG:  Default test</title>
<link href="../testng.css" rel="stylesheet" type="text/css" />
<link href="../my-testng.css" rel="stylesheet" type="text/css" />

<style type="text/css">
.log { display: none;} 
.stack-trace { display: none;} 
</style>
<script type="text/javascript">
<!--
function flip(e) {
  current = e.style.display;
  if (current == 'block') {
    e.style.display = 'none';
    return 0;
  }
  else {
    e.style.display = 'block';
    return 1;
  }
}

function toggleBox(szDivId, elem, msg1, msg2)
{
  var res = -1;  if (document.getElementById) {
    res = flip(document.getElementById(szDivId));
  }
  else if (document.all) {
    // this is the way old msie versions work
    res = flip(document.all[szDivId]);
  }
  if(elem) {
    if(res == 0) elem.innerHTML = msg1; else elem.innerHTML = msg2;
  }

}

function toggleAllBoxes() {
  if (document.getElementsByTagName) {
    d = document.getElementsByTagName('div');
    for (i = 0; i < d.length; i++) {
      if (d[i].className == 'log') {
        flip(d[i]);
      }
    }
  }
}

// -->
</script>

</head>
<body>
<h2 align='center'>Default test</h2><table border='1' align="center">
<tr>
<td>Tests passed/Failed/Skipped:</td><td>0/0/6</td>
</tr><tr>
<td>Started on:</td><td>Mon Mar 04 19:08:18 IST 2019</td>
</tr>
<tr><td>Total time:</td><td>17 seconds (17185 ms)</td>
</tr><tr>
<td>Included groups:</td><td></td>
</tr><tr>
<td>Excluded groups:</td><td></td>
</tr>
</table><p/>
<small><i>(Hover the method name to see the test class name)</i></small><p/>
<table width='100%' border='1' class='invocation-failed'>
<tr><td colspan='4' align='center'><b>FAILED CONFIGURATIONS</b></td></tr>
<tr><td><b>Test method</b></td>
<td width="30%"><b>Exception</b></td>
<td width="10%"><b>Time (seconds)</b></td>
<td><b>Instance</b></td>
</tr>
<tr>
<td title='EncorDashboard.TestScripts.AddDashboard.setUp()'><b>setUp</b><br>Test class: EncorDashboard.TestScripts.AddDashboard</td>
<td><div><pre>org.openqa.selenium.WebDriverException: unknown error: cannot determine loading status
from unknown error: cannot determine loading status
from disconnected: received Inspector.detached event
  (Session info: chrome=72.0.3626.119)
  (Driver info: chromedriver=2.41.578737 (49da6702b16031c40d63e5618de03a32ff6c197e),platform=Windows NT 10.0.17134 x86_64) (WARNING: The server did not provide any stacktrace information)
Command duration or timeout: 12.69 seconds
Build info: version: &apos;2.37.0&apos;, revision: &apos;a7c61cb&apos;, time: &apos;2013-10-18 17:15:02&apos;
System info: host: &apos;DESKTOP-6I31IJP&apos;, ip: &apos;10.10.6.122&apos;, os.name: &apos;Windows 10&apos;, os.arch: &apos;amd64&apos;, os.version: &apos;10.0&apos;, java.version: &apos;10.0.2&apos;
Driver info: org.openqa.selenium.chrome.ChromeDriver
Capabilities [{mobileEmulationEnabled=false, hasTouchScreen=false, platform=XP, acceptSslCerts=false, goog:chromeOptions={debuggerAddress=localhost:63758}, acceptInsecureCerts=false, webStorageEnabled=true, browserName=chrome, takesScreenshot=true, javascriptEnabled=true, setWindowRect=true, unexpectedAlertBehaviour=, applicationCacheEnabled=false, rotatable=false, networkConnectionEnabled=false, chrome={chromedriverVersion=2.41.578737 (49da6702b16031c40d63e5618de03a32ff6c197e), userDataDir=C:\Users\savan\AppData\Local\Temp\scoped_dir4076_10862}, takesHeapSnapshot=true, pageLoadStrategy=normal, databaseEnabled=false, handlesAlerts=true, version=72.0.3626.119, browserConnectionEnabled=false, nativeEvents=true, locationContextEnabled=true, cssSelectorsEnabled=true}]
Session ID: 8bced47f49471cc9d413439e92417c3e
	at java.base/jdk.internal.reflect.NativeConstructorAccessorImpl.newInstance0(Native Method)
	at java.base/jdk.internal.reflect.NativeConstructorAccessorImpl.newInstance(Unknown Source)
	at java.base/jdk.internal.reflect.DelegatingConstructorAccessorImpl.newInstance(Unknown Source)
	at java.base/java.lang.reflect.Constructor.newInstance(Unknown Source)
	at org.openqa.selenium.remote.ErrorHandler.createThrowable(ErrorHandler.java:193)
	at org.openqa.selenium.remote.ErrorHandler.throwIfResponseFailed(ErrorHandler.java:145)
	at org.openqa.selenium.remote.RemoteWebDriver.execute(RemoteWebDriver.java:554)
	at org.openqa.selenium.remote.RemoteWebDriver.get(RemoteWebDriver.java:276)
	at java.base/jdk.internal.reflect.NativeMethodAccessorImpl.invoke0(Native Method)
	at java.base/jdk.internal.reflect.NativeMethodAccessorImpl.invoke(Unknown Source)
	at java.base/jdk.internal.reflect.DelegatingMethodAccessorImpl.invoke(Unknown Source)
	at java.base/java.lang.reflect.Method.invoke(Unknown Source)
	at org.openqa.selenium.support.events.EventFiringWebDriver$2.invoke(EventFiringWebDriver.java:101)
	at com.sun.proxy.$Proxy12.get(Unknown Source)
	at org.openqa.selenium.support.events.EventFiringWebDriver.get(EventFiringWebDriver.java:155)
	at EncorDashboard.TestScripts.AddDashboard.setUp(AddDashboard.java:34)
	at java.base/jdk.internal.reflect.NativeMethodAccessorImpl.invoke0(Native Method)
	at java.base/jdk.internal.reflect.NativeMethodAccessorImpl.invoke(Unknown Source)
	at java.base/jdk.internal.reflect.DelegatingMethodAccessorImpl.invoke(Unknown Source)
	at java.base/java.lang.reflect.Method.invoke(Unknown Source)
	at org.testng.internal.MethodInvocationHelper.invokeMethod(MethodInvocationHelper.java:84)
	at org.testng.internal.Invoker.invokeConfigurationMethod(Invoker.java:564)
	at org.testng.internal.Invoker.invokeConfigurations(Invoker.java:213)
	at org.testng.internal.Invoker.invokeMethod(Invoker.java:653)
	at org.testng.internal.Invoker.invokeTestMethod(Invoker.java:901)
	at org.testng.internal.Invoker.invokeTestMethods(Invoker.java:1231)
	at org.testng.internal.TestMethodWorker.invokeTestMethods(TestMethodWorker.java:127)
	at org.testng.internal.TestMethodWorker.run(TestMethodWorker.java:111)
	at org.testng.TestRunner.privateRun(TestRunner.java:767)
	at org.testng.TestRunner.run(TestRunner.java:617)
	at org.testng.SuiteRunner.runTest(SuiteRunner.java:334)
	at org.testng.SuiteRunner.runSequentially(SuiteRunner.java:329)
	at org.testng.SuiteRunner.privateRun(SuiteRunner.java:291)
	at org.testng.SuiteRunner.run(SuiteRunner.java:240)
	at org.testng.SuiteRunnerWorker.runSuite(SuiteRunnerWorker.java:52)
	at org.testng.SuiteRunnerWorker.run(SuiteRunnerWorker.java:86)
	at org.testng.TestNG.runSuitesSequentially(TestNG.java:1224)
	at org.testng.TestNG.runSuitesLocally(TestNG.java:1149)
	at org.testng.TestNG.run(TestNG.java:1057)
	at org.testng.remote.AbstractRemoteTestNG.run(AbstractRemoteTestNG.java:114)
	at org.testng.remote.RemoteTestNG.initAndRun(RemoteTestNG.java:251)
	at org.testng.remote.RemoteTestNG.main(RemoteTestNG.java:77)
</pre></div><a href='#' onClick='toggleBox("stack-trace677317086", this, "Click to show all stack frames", "Click to hide stack frames")'>Click to show all stack frames</a>
<div class='stack-trace' id='stack-trace677317086'><pre>org.openqa.selenium.WebDriverException: unknown error: cannot determine loading status
from unknown error: cannot determine loading status
from disconnected: received Inspector.detached event
  (Session info: chrome=72.0.3626.119)
  (Driver info: chromedriver=2.41.578737 (49da6702b16031c40d63e5618de03a32ff6c197e),platform=Windows NT 10.0.17134 x86_64) (WARNING: The server did not provide any stacktrace information)
Command duration or timeout: 12.69 seconds
Build info: version: &apos;2.37.0&apos;, revision: &apos;a7c61cb&apos;, time: &apos;2013-10-18 17:15:02&apos;
System info: host: &apos;DESKTOP-6I31IJP&apos;, ip: &apos;10.10.6.122&apos;, os.name: &apos;Windows 10&apos;, os.arch: &apos;amd64&apos;, os.version: &apos;10.0&apos;, java.version: &apos;10.0.2&apos;
Driver info: org.openqa.selenium.chrome.ChromeDriver
Capabilities [{mobileEmulationEnabled=false, hasTouchScreen=false, platform=XP, acceptSslCerts=false, goog:chromeOptions={debuggerAddress=localhost:63758}, acceptInsecureCerts=false, webStorageEnabled=true, browserName=chrome, takesScreenshot=true, javascriptEnabled=true, setWindowRect=true, unexpectedAlertBehaviour=, applicationCacheEnabled=false, rotatable=false, networkConnectionEnabled=false, chrome={chromedriverVersion=2.41.578737 (49da6702b16031c40d63e5618de03a32ff6c197e), userDataDir=C:\Users\savan\AppData\Local\Temp\scoped_dir4076_10862}, takesHeapSnapshot=true, pageLoadStrategy=normal, databaseEnabled=false, handlesAlerts=true, version=72.0.3626.119, browserConnectionEnabled=false, nativeEvents=true, locationContextEnabled=true, cssSelectorsEnabled=true}]
Session ID: 8bced47f49471cc9d413439e92417c3e
	at java.base/jdk.internal.reflect.NativeConstructorAccessorImpl.newInstance0(Native Method)
	at java.base/jdk.internal.reflect.NativeConstructorAccessorImpl.newInstance(Unknown Source)
	at java.base/jdk.internal.reflect.DelegatingConstructorAccessorImpl.newInstance(Unknown Source)
	at java.base/java.lang.reflect.Constructor.newInstance(Unknown Source)
	at org.openqa.selenium.remote.ErrorHandler.createThrowable(ErrorHandler.java:193)
	at org.openqa.selenium.remote.ErrorHandler.throwIfResponseFailed(ErrorHandler.java:145)
	at org.openqa.selenium.remote.RemoteWebDriver.execute(RemoteWebDriver.java:554)
	at org.openqa.selenium.remote.RemoteWebDriver.get(RemoteWebDriver.java:276)
	at java.base/jdk.internal.reflect.NativeMethodAccessorImpl.invoke0(Native Method)
	at java.base/jdk.internal.reflect.NativeMethodAccessorImpl.invoke(Unknown Source)
	at java.base/jdk.internal.reflect.DelegatingMethodAccessorImpl.invoke(Unknown Source)
	at java.base/java.lang.reflect.Method.invoke(Unknown Source)
	at org.openqa.selenium.support.events.EventFiringWebDriver$2.invoke(EventFiringWebDriver.java:101)
	at com.sun.proxy.$Proxy12.get(Unknown Source)
	at org.openqa.selenium.support.events.EventFiringWebDriver.get(EventFiringWebDriver.java:155)
	at EncorDashboard.TestScripts.AddDashboard.setUp(AddDashboard.java:34)
	at java.base/jdk.internal.reflect.NativeMethodAccessorImpl.invoke0(Native Method)
	at java.base/jdk.internal.reflect.NativeMethodAccessorImpl.invoke(Unknown Source)
	at java.base/jdk.internal.reflect.DelegatingMethodAccessorImpl.invoke(Unknown Source)
	at java.base/java.lang.reflect.Method.invoke(Unknown Source)
	at org.testng.internal.MethodInvocationHelper.invokeMethod(MethodInvocationHelper.java:84)
	at org.testng.internal.Invoker.invokeConfigurationMethod(Invoker.java:564)
	at org.testng.internal.Invoker.invokeConfigurations(Invoker.java:213)
	at org.testng.internal.Invoker.invokeMethod(Invoker.java:653)
	at org.testng.internal.Invoker.invokeTestMethod(Invoker.java:901)
	at org.testng.internal.Invoker.invokeTestMethods(Invoker.java:1231)
	at org.testng.internal.TestMethodWorker.invokeTestMethods(TestMethodWorker.java:127)
	at org.testng.internal.TestMethodWorker.run(TestMethodWorker.java:111)
	at org.testng.TestRunner.privateRun(TestRunner.java:767)
	at org.testng.TestRunner.run(TestRunner.java:617)
	at org.testng.SuiteRunner.runTest(SuiteRunner.java:334)
	at org.testng.SuiteRunner.runSequentially(SuiteRunner.java:329)
	at org.testng.SuiteRunner.privateRun(SuiteRunner.java:291)
	at org.testng.SuiteRunner.run(SuiteRunner.java:240)
	at org.testng.SuiteRunnerWorker.runSuite(SuiteRunnerWorker.java:52)
	at org.testng.SuiteRunnerWorker.run(SuiteRunnerWorker.java:86)
	at org.testng.TestNG.runSuitesSequentially(TestNG.java:1224)
	at org.testng.TestNG.runSuitesLocally(TestNG.java:1149)
	at org.testng.TestNG.run(TestNG.java:1057)
	at org.testng.remote.AbstractRemoteTestNG.run(AbstractRemoteTestNG.java:114)
	at org.testng.remote.RemoteTestNG.initAndRun(RemoteTestNG.java:251)
	at org.testng.remote.RemoteTestNG.main(RemoteTestNG.java:77)
</pre></div></td>
<td>0</td>
<td>EncorDashboard.TestScripts.AddDashboard@a2431d0</td></tr>
</table><p>
<table width='100%' border='1' class='invocation-skipped'>
<tr><td colspan='4' align='center'><b>SKIPPED CONFIGURATIONS</b></td></tr>
<tr><td><b>Test method</b></td>
<td width="30%"><b>Exception</b></td>
<td width="10%"><b>Time (seconds)</b></td>
<td><b>Instance</b></td>
</tr>
<tr>
<td title='EncorDashboard.TestScripts.AddDashboard.setUp()'><b>setUp</b><br>Test class: EncorDashboard.TestScripts.AddDashboard</td>
<td></td>
<td>0</td>
<td>EncorDashboard.TestScripts.AddDashboard@a2431d0</td></tr>
<tr>
<td title='EncorDashboard.TestScripts.AddDashboard.setUp()'><b>setUp</b><br>Test class: EncorDashboard.TestScripts.AddDashboard</td>
<td></td>
<td>0</td>
<td>EncorDashboard.TestScripts.AddDashboard@a2431d0</td></tr>
<tr>
<td title='EncorDashboard.TestScripts.AddDashboard.setUp()'><b>setUp</b><br>Test class: EncorDashboard.TestScripts.AddDashboard</td>
<td></td>
<td>0</td>
<td>EncorDashboard.TestScripts.AddDashboard@a2431d0</td></tr>
<tr>
<td title='EncorDashboard.TestScripts.AddDashboard.setUp()'><b>setUp</b><br>Test class: EncorDashboard.TestScripts.AddDashboard</td>
<td></td>
<td>0</td>
<td>EncorDashboard.TestScripts.AddDashboard@a2431d0</td></tr>
<tr>
<td title='EncorDashboard.TestScripts.AddDashboard.setUp()'><b>setUp</b><br>Test class: EncorDashboard.TestScripts.AddDashboard</td>
<td></td>
<td>0</td>
<td>EncorDashboard.TestScripts.AddDashboard@a2431d0</td></tr>
<tr>
<td title='EncorDashboard.TestScripts.AddDashboard.tearDown()'><b>tearDown</b><br>Test class: EncorDashboard.TestScripts.AddDashboard</td>
<td></td>
<td>0</td>
<td>EncorDashboard.TestScripts.AddDashboard@a2431d0</td></tr>
<tr>
<td title='EncorDashboard.TestScripts.AddDashboard.tearDown()'><b>tearDown</b><br>Test class: EncorDashboard.TestScripts.AddDashboard</td>
<td></td>
<td>0</td>
<td>EncorDashboard.TestScripts.AddDashboard@a2431d0</td></tr>
<tr>
<td title='EncorDashboard.TestScripts.AddDashboard.tearDown()'><b>tearDown</b><br>Test class: EncorDashboard.TestScripts.AddDashboard</td>
<td></td>
<td>0</td>
<td>EncorDashboard.TestScripts.AddDashboard@a2431d0</td></tr>
<tr>
<td title='EncorDashboard.TestScripts.AddDashboard.tearDown()'><b>tearDown</b><br>Test class: EncorDashboard.TestScripts.AddDashboard</td>
<td></td>
<td>0</td>
<td>EncorDashboard.TestScripts.AddDashboard@a2431d0</td></tr>
<tr>
<td title='EncorDashboard.TestScripts.AddDashboard.tearDown()'><b>tearDown</b><br>Test class: EncorDashboard.TestScripts.AddDashboard</td>
<td></td>
<td>0</td>
<td>EncorDashboard.TestScripts.AddDashboard@a2431d0</td></tr>
<tr>
<td title='EncorDashboard.TestScripts.AddDashboard.tearDown()'><b>tearDown</b><br>Test class: EncorDashboard.TestScripts.AddDashboard</td>
<td></td>
<td>0</td>
<td>EncorDashboard.TestScripts.AddDashboard@a2431d0</td></tr>
</table><p>
<table width='100%' border='1' class='invocation-skipped'>
<tr><td colspan='4' align='center'><b>SKIPPED TESTS</b></td></tr>
<tr><td><b>Test method</b></td>
<td width="30%"><b>Exception</b></td>
<td width="10%"><b>Time (seconds)</b></td>
<td><b>Instance</b></td>
</tr>
<tr>
<td title='EncorDashboard.TestScripts.AddDashboard.AddDashboard()'><b>AddDashboard</b><br>Test class: EncorDashboard.TestScripts.AddDashboard<br>Parameters: Dashboard Name, Dashboard Type, View, Calender/Fiscal, Dashboard, Indicators, Flag</td>
<td></td>
<td>0</td>
<td>EncorDashboard.TestScripts.AddDashboard@a2431d0</td></tr>
<tr>
<td title='EncorDashboard.TestScripts.AddDashboard.AddDashboard()'><b>AddDashboard</b><br>Test class: EncorDashboard.TestScripts.AddDashboard<br>Parameters: Dashboard1, Clinical Dashboard, Monthly Scorecard, Calendar Year, Y, Abdominal Aortic Aneurysm(AAA) Repair Mortality Rate (IQI 11), Y</td>
<td></td>
<td>0</td>
<td>EncorDashboard.TestScripts.AddDashboard@a2431d0</td></tr>
<tr>
<td title='EncorDashboard.TestScripts.AddDashboard.AddDashboard()'><b>AddDashboard</b><br>Test class: EncorDashboard.TestScripts.AddDashboard<br>Parameters: Dashboard1, Clinical Dashboard, Monthly Scorecard, Calendar Year, N, Abdominal aortic aneurysm (AAA) repair volume (IQI 4), N</td>
<td></td>
<td>0</td>
<td>EncorDashboard.TestScripts.AddDashboard@a2431d0</td></tr>
<tr>
<td title='EncorDashboard.TestScripts.AddDashboard.AddDashboard()'><b>AddDashboard</b><br>Test class: EncorDashboard.TestScripts.AddDashboard<br>Parameters: Dashboard2, Clinical Dashboard, Monthly Scorecard, Calendar Year, Y, Aspirin at Arrival (AMI-1), N</td>
<td></td>
<td>0</td>
<td>EncorDashboard.TestScripts.AddDashboard@a2431d0</td></tr>
<tr>
<td title='EncorDashboard.TestScripts.AddDashboard.AddDashboard()'><b>AddDashboard</b><br>Test class: EncorDashboard.TestScripts.AddDashboard<br>Parameters: Dashboard3, Clinical Dashboard, Monthly Scorecard, Calendar Year, Y, Abdominal Aortic Aneurysm(AAA) Repair Mortality Rate (IQI 11), N</td>
<td></td>
<td>0</td>
<td>EncorDashboard.TestScripts.AddDashboard@a2431d0</td></tr>
<tr>
<td title='EncorDashboard.TestScripts.AddDashboard.AddDashboard()'><b>AddDashboard</b><br>Test class: EncorDashboard.TestScripts.AddDashboard<br>Parameters: Dashboard4, Clinical Dashboard, Monthly Scorecard, Calendar Year, Y, Abdominal Aortic Aneurysm(AAA) Repair Mortality Rate (IQI 11), N</td>
<td></td>
<td>0</td>
<td>EncorDashboard.TestScripts.AddDashboard@a2431d0</td></tr>
</table><p>
</body>
</html>