<?xml version="1.0" encoding="UTF-8"?>
<testng-results skipped="0" failed="0" total="12" passed="12">
  <reporter-output>
  </reporter-output>
  <suite name="src" duration-ms="859378" started-at="2018-07-05T14:42:26Z" finished-at="2018-07-05T14:56:45Z">
    <groups>
    </groups>
    <test name="EncorDashboard.TestScripts" duration-ms="859378" started-at="2018-07-05T14:42:26Z" finished-at="2018-07-05T14:56:45Z">
      <class name="EncorDashboard.TestScripts.UserAccess">
        <test-method status="PASS" signature="setUp()[pri:0, instance:EncorDashboard.TestScripts.UserAccess@51565ec2]" name="setUp" is-config="true" duration-ms="12168" started-at="2018-07-05T20:24:23Z" finished-at="2018-07-05T20:24:35Z">
          <reporter-output>
          </reporter-output>
        </test-method> <!-- setUp -->
        <test-method status="PASS" signature="UserAccess()[pri:0, instance:EncorDashboard.TestScripts.UserAccess@51565ec2]" name="UserAccess" duration-ms="39644" started-at="2018-07-05T20:24:35Z" finished-at="2018-07-05T20:25:15Z">
          <reporter-output>
          </reporter-output>
        </test-method> <!-- UserAccess -->
        <test-method status="PASS" signature="tearDown()[pri:0, instance:EncorDashboard.TestScripts.UserAccess@51565ec2]" name="tearDown" is-config="true" duration-ms="1526" started-at="2018-07-05T20:25:15Z" finished-at="2018-07-05T20:25:17Z">
          <reporter-output>
          </reporter-output>
        </test-method> <!-- tearDown -->
      </class> <!-- EncorDashboard.TestScripts.UserAccess -->
      <class name="EncorDashboard.TestScripts.UserAdministration">
        <test-method status="PASS" signature="setUp()[pri:0, instance:EncorDashboard.TestScripts.UserAdministration@1593948d]" name="setUp" is-config="true" duration-ms="11433" started-at="2018-07-05T20:23:31Z" finished-at="2018-07-05T20:23:43Z">
          <reporter-output>
          </reporter-output>
        </test-method> <!-- setUp -->
        <test-method status="PASS" signature="UserAdministration()[pri:0, instance:EncorDashboard.TestScripts.UserAdministration@1593948d]" name="UserAdministration" duration-ms="39647" started-at="2018-07-05T20:23:43Z" finished-at="2018-07-05T20:24:22Z">
          <reporter-output>
          </reporter-output>
        </test-method> <!-- UserAdministration -->
        <test-method status="PASS" signature="tearDown()[pri:0, instance:EncorDashboard.TestScripts.UserAdministration@1593948d]" name="tearDown" is-config="true" duration-ms="1124" started-at="2018-07-05T20:24:22Z" finished-at="2018-07-05T20:24:23Z">
          <reporter-output>
          </reporter-output>
        </test-method> <!-- tearDown -->
      </class> <!-- EncorDashboard.TestScripts.UserAdministration -->
      <class name="EncorDashboard.TestScripts.SetResetDashboard">
        <test-method status="PASS" signature="setUp()[pri:0, instance:EncorDashboard.TestScripts.SetResetDashboard@482f8f11]" name="setUp" is-config="true" duration-ms="12190" started-at="2018-07-05T20:22:01Z" finished-at="2018-07-05T20:22:13Z">
          <reporter-output>
          </reporter-output>
        </test-method> <!-- setUp -->
        <test-method status="PASS" signature="SetResetDashboard()[pri:0, instance:EncorDashboard.TestScripts.SetResetDashboard@482f8f11]" name="SetResetDashboard" duration-ms="77973" started-at="2018-07-05T20:22:13Z" finished-at="2018-07-05T20:23:31Z">
          <reporter-output>
          </reporter-output>
        </test-method> <!-- SetResetDashboard -->
        <test-method status="PASS" signature="tearDown()[pri:0, instance:EncorDashboard.TestScripts.SetResetDashboard@482f8f11]" name="tearDown" is-config="true" duration-ms="0" started-at="2018-07-05T20:23:31Z" finished-at="2018-07-05T20:23:31Z">
          <reporter-output>
          </reporter-output>
        </test-method> <!-- tearDown -->
      </class> <!-- EncorDashboard.TestScripts.SetResetDashboard -->
      <class name="EncorDashboard.TestScripts.ExportFile">
        <test-method status="PASS" signature="setUp()[pri:0, instance:EncorDashboard.TestScripts.ExportFile@675d3402]" name="setUp" is-config="true" duration-ms="11906" started-at="2018-07-05T20:25:17Z" finished-at="2018-07-05T20:25:29Z">
          <reporter-output>
          </reporter-output>
        </test-method> <!-- setUp -->
        <test-method status="PASS" signature="ExportDashboard()[pri:0, instance:EncorDashboard.TestScripts.ExportFile@675d3402]" name="ExportDashboard" duration-ms="75798" started-at="2018-07-05T20:25:29Z" finished-at="2018-07-05T20:26:44Z">
          <reporter-output>
          </reporter-output>
        </test-method> <!-- ExportDashboard -->
        <test-method status="PASS" signature="tearDown()[pri:0, instance:EncorDashboard.TestScripts.ExportFile@675d3402]" name="tearDown" is-config="true" duration-ms="1036" started-at="2018-07-05T20:26:44Z" finished-at="2018-07-05T20:26:45Z">
          <reporter-output>
          </reporter-output>
        </test-method> <!-- tearDown -->
      </class> <!-- EncorDashboard.TestScripts.ExportFile -->
      <class name="EncorDashboard.TestScripts.SaveCurrentView">
        <test-method status="PASS" signature="setUp()[pri:0, instance:EncorDashboard.TestScripts.SaveCurrentView@9629756]" name="setUp" is-config="true" duration-ms="13288" started-at="2018-07-05T20:20:15Z" finished-at="2018-07-05T20:20:28Z">
          <reporter-output>
          </reporter-output>
        </test-method> <!-- setUp -->
        <test-method status="PASS" signature="SaveView()[pri:0, instance:EncorDashboard.TestScripts.SaveCurrentView@9629756]" name="SaveView" duration-ms="91737" started-at="2018-07-05T20:20:28Z" finished-at="2018-07-05T20:22:00Z">
          <reporter-output>
          </reporter-output>
        </test-method> <!-- SaveView -->
        <test-method status="PASS" signature="tearDown()[pri:0, instance:EncorDashboard.TestScripts.SaveCurrentView@9629756]" name="tearDown" is-config="true" duration-ms="1033" started-at="2018-07-05T20:22:00Z" finished-at="2018-07-05T20:22:01Z">
          <reporter-output>
          </reporter-output>
        </test-method> <!-- tearDown -->
      </class> <!-- EncorDashboard.TestScripts.SaveCurrentView -->
      <class name="EncorDashboard.TestScripts.ChangeDashboard">
        <test-method status="PASS" signature="setUp()[pri:0, instance:EncorDashboard.TestScripts.ChangeDashboard@28feb3fa]" name="setUp" is-config="true" duration-ms="15367" started-at="2018-07-05T20:19:09Z" finished-at="2018-07-05T20:19:24Z">
          <reporter-output>
          </reporter-output>
        </test-method> <!-- setUp -->
        <test-method status="PASS" signature="ChangeDashboard()[pri:0, instance:EncorDashboard.TestScripts.ChangeDashboard@28feb3fa]" name="ChangeDashboard" duration-ms="50538" started-at="2018-07-05T20:19:24Z" finished-at="2018-07-05T20:20:15Z">
          <reporter-output>
          </reporter-output>
        </test-method> <!-- ChangeDashboard -->
        <test-method status="PASS" signature="tearDown()[pri:0, instance:EncorDashboard.TestScripts.ChangeDashboard@28feb3fa]" name="tearDown" is-config="true" duration-ms="1" started-at="2018-07-05T20:20:15Z" finished-at="2018-07-05T20:20:15Z">
          <reporter-output>
          </reporter-output>
        </test-method> <!-- tearDown -->
      </class> <!-- EncorDashboard.TestScripts.ChangeDashboard -->
      <class name="EncorDashboard.TestScripts.AddDashboard">
        <test-method status="PASS" signature="setUp()[pri:0, instance:EncorDashboard.TestScripts.AddDashboard@68be2bc2]" name="setUp" is-config="true" duration-ms="47766" started-at="2018-07-05T20:12:27Z" finished-at="2018-07-05T20:13:14Z">
          <reporter-output>
          </reporter-output>
        </test-method> <!-- setUp -->
        <test-method status="PASS" signature="AddDashboard(java.lang.String, java.lang.String, java.lang.String, java.lang.String, java.lang.String, java.lang.String, java.lang.String)[pri:0, instance:EncorDashboard.TestScripts.AddDashboard@68be2bc2]" name="AddDashboard" duration-ms="30480" started-at="2018-07-05T20:13:14Z" data-provider="IndicatorDashboard" finished-at="2018-07-05T20:13:45Z">
          <params>
            <param index="0">
              <value>
                <![CDATA[Dashboard Name]]>
              </value>
            </param>
            <param index="1">
              <value>
                <![CDATA[Dashboard Type]]>
              </value>
            </param>
            <param index="2">
              <value>
                <![CDATA[View]]>
              </value>
            </param>
            <param index="3">
              <value>
                <![CDATA[Calender/Fiscal]]>
              </value>
            </param>
            <param index="4">
              <value>
                <![CDATA[Dashboard]]>
              </value>
            </param>
            <param index="5">
              <value>
                <![CDATA[Indicators]]>
              </value>
            </param>
            <param index="6">
              <value>
                <![CDATA[Flag]]>
              </value>
            </param>
          </params>
          <reporter-output>
          </reporter-output>
        </test-method> <!-- AddDashboard -->
        <test-method status="PASS" signature="tearDown()[pri:0, instance:EncorDashboard.TestScripts.AddDashboard@68be2bc2]" name="tearDown" is-config="true" duration-ms="1024" started-at="2018-07-05T20:13:45Z" finished-at="2018-07-05T20:13:46Z">
          <reporter-output>
          </reporter-output>
        </test-method> <!-- tearDown -->
        <test-method status="PASS" signature="setUp()[pri:0, instance:EncorDashboard.TestScripts.AddDashboard@68be2bc2]" name="setUp" is-config="true" duration-ms="19414" started-at="2018-07-05T20:13:46Z" finished-at="2018-07-05T20:14:05Z">
          <reporter-output>
          </reporter-output>
        </test-method> <!-- setUp -->
        <test-method status="PASS" signature="AddDashboard(java.lang.String, java.lang.String, java.lang.String, java.lang.String, java.lang.String, java.lang.String, java.lang.String)[pri:0, instance:EncorDashboard.TestScripts.AddDashboard@68be2bc2]" name="AddDashboard" duration-ms="42967" started-at="2018-07-05T20:14:05Z" data-provider="IndicatorDashboard" finished-at="2018-07-05T20:14:48Z">
          <params>
            <param index="0">
              <value>
                <![CDATA[Dashboard1]]>
              </value>
            </param>
            <param index="1">
              <value>
                <![CDATA[Clinical Dashboard]]>
              </value>
            </param>
            <param index="2">
              <value>
                <![CDATA[Monthly Scorecard]]>
              </value>
            </param>
            <param index="3">
              <value>
                <![CDATA[Calendar Year]]>
              </value>
            </param>
            <param index="4">
              <value>
                <![CDATA[Y]]>
              </value>
            </param>
            <param index="5">
              <value>
                <![CDATA[Abdominal Aortic Aneurysm(AAA) Repair Mortality Rate (IQI 11)]]>
              </value>
            </param>
            <param index="6">
              <value>
                <![CDATA[Y]]>
              </value>
            </param>
          </params>
          <reporter-output>
          </reporter-output>
        </test-method> <!-- AddDashboard -->
        <test-method status="PASS" signature="tearDown()[pri:0, instance:EncorDashboard.TestScripts.AddDashboard@68be2bc2]" name="tearDown" is-config="true" duration-ms="1553" started-at="2018-07-05T20:14:48Z" finished-at="2018-07-05T20:14:50Z">
          <reporter-output>
          </reporter-output>
        </test-method> <!-- tearDown -->
        <test-method status="PASS" signature="setUp()[pri:0, instance:EncorDashboard.TestScripts.AddDashboard@68be2bc2]" name="setUp" is-config="true" duration-ms="19983" started-at="2018-07-05T20:14:50Z" finished-at="2018-07-05T20:15:10Z">
          <reporter-output>
          </reporter-output>
        </test-method> <!-- setUp -->
        <test-method status="PASS" signature="AddDashboard(java.lang.String, java.lang.String, java.lang.String, java.lang.String, java.lang.String, java.lang.String, java.lang.String)[pri:0, instance:EncorDashboard.TestScripts.AddDashboard@68be2bc2]" name="AddDashboard" duration-ms="30351" started-at="2018-07-05T20:15:10Z" data-provider="IndicatorDashboard" finished-at="2018-07-05T20:15:40Z">
          <params>
            <param index="0">
              <value>
                <![CDATA[Dashboard1]]>
              </value>
            </param>
            <param index="1">
              <value>
                <![CDATA[Clinical Dashboard]]>
              </value>
            </param>
            <param index="2">
              <value>
                <![CDATA[Monthly Scorecard]]>
              </value>
            </param>
            <param index="3">
              <value>
                <![CDATA[Calendar Year]]>
              </value>
            </param>
            <param index="4">
              <value>
                <![CDATA[N]]>
              </value>
            </param>
            <param index="5">
              <value>
                <![CDATA[Abdominal aortic aneurysm (AAA) repair volume (IQI 4)]]>
              </value>
            </param>
            <param index="6">
              <value>
                <![CDATA[N]]>
              </value>
            </param>
          </params>
          <reporter-output>
          </reporter-output>
        </test-method> <!-- AddDashboard -->
        <test-method status="PASS" signature="tearDown()[pri:0, instance:EncorDashboard.TestScripts.AddDashboard@68be2bc2]" name="tearDown" is-config="true" duration-ms="1548" started-at="2018-07-05T20:15:40Z" finished-at="2018-07-05T20:15:42Z">
          <reporter-output>
          </reporter-output>
        </test-method> <!-- tearDown -->
        <test-method status="PASS" signature="setUp()[pri:0, instance:EncorDashboard.TestScripts.AddDashboard@68be2bc2]" name="setUp" is-config="true" duration-ms="23040" started-at="2018-07-05T20:15:42Z" finished-at="2018-07-05T20:16:05Z">
          <reporter-output>
          </reporter-output>
        </test-method> <!-- setUp -->
        <test-method status="PASS" signature="AddDashboard(java.lang.String, java.lang.String, java.lang.String, java.lang.String, java.lang.String, java.lang.String, java.lang.String)[pri:0, instance:EncorDashboard.TestScripts.AddDashboard@68be2bc2]" name="AddDashboard" duration-ms="47150" started-at="2018-07-05T20:16:05Z" data-provider="IndicatorDashboard" finished-at="2018-07-05T20:16:52Z">
          <params>
            <param index="0">
              <value>
                <![CDATA[Dashboard2]]>
              </value>
            </param>
            <param index="1">
              <value>
                <![CDATA[Clinical Dashboard]]>
              </value>
            </param>
            <param index="2">
              <value>
                <![CDATA[Monthly Scorecard]]>
              </value>
            </param>
            <param index="3">
              <value>
                <![CDATA[Calendar Year]]>
              </value>
            </param>
            <param index="4">
              <value>
                <![CDATA[Y]]>
              </value>
            </param>
            <param index="5">
              <value>
                <![CDATA[Aspirin at Arrival (AMI-1)]]>
              </value>
            </param>
            <param index="6">
              <value>
                <![CDATA[N]]>
              </value>
            </param>
          </params>
          <reporter-output>
          </reporter-output>
        </test-method> <!-- AddDashboard -->
        <test-method status="PASS" signature="tearDown()[pri:0, instance:EncorDashboard.TestScripts.AddDashboard@68be2bc2]" name="tearDown" is-config="true" duration-ms="1544" started-at="2018-07-05T20:16:52Z" finished-at="2018-07-05T20:16:53Z">
          <reporter-output>
          </reporter-output>
        </test-method> <!-- tearDown -->
        <test-method status="PASS" signature="setUp()[pri:0, instance:EncorDashboard.TestScripts.AddDashboard@68be2bc2]" name="setUp" is-config="true" duration-ms="23719" started-at="2018-07-05T20:16:53Z" finished-at="2018-07-05T20:17:17Z">
          <reporter-output>
          </reporter-output>
        </test-method> <!-- setUp -->
        <test-method status="PASS" signature="AddDashboard(java.lang.String, java.lang.String, java.lang.String, java.lang.String, java.lang.String, java.lang.String, java.lang.String)[pri:0, instance:EncorDashboard.TestScripts.AddDashboard@68be2bc2]" name="AddDashboard" duration-ms="42778" started-at="2018-07-05T20:17:17Z" data-provider="IndicatorDashboard" finished-at="2018-07-05T20:18:00Z">
          <params>
            <param index="0">
              <value>
                <![CDATA[Dashboard3]]>
              </value>
            </param>
            <param index="1">
              <value>
                <![CDATA[Clinical Dashboard]]>
              </value>
            </param>
            <param index="2">
              <value>
                <![CDATA[Monthly Scorecard]]>
              </value>
            </param>
            <param index="3">
              <value>
                <![CDATA[Calendar Year]]>
              </value>
            </param>
            <param index="4">
              <value>
                <![CDATA[Y]]>
              </value>
            </param>
            <param index="5">
              <value>
                <![CDATA[Abdominal Aortic Aneurysm(AAA) Repair Mortality Rate (IQI 11)]]>
              </value>
            </param>
            <param index="6">
              <value>
                <![CDATA[N]]>
              </value>
            </param>
          </params>
          <reporter-output>
          </reporter-output>
        </test-method> <!-- AddDashboard -->
        <test-method status="PASS" signature="tearDown()[pri:0, instance:EncorDashboard.TestScripts.AddDashboard@68be2bc2]" name="tearDown" is-config="true" duration-ms="1537" started-at="2018-07-05T20:18:00Z" finished-at="2018-07-05T20:18:01Z">
          <reporter-output>
          </reporter-output>
        </test-method> <!-- tearDown -->
        <test-method status="PASS" signature="setUp()[pri:0, instance:EncorDashboard.TestScripts.AddDashboard@68be2bc2]" name="setUp" is-config="true" duration-ms="21069" started-at="2018-07-05T20:18:01Z" finished-at="2018-07-05T20:18:22Z">
          <reporter-output>
          </reporter-output>
        </test-method> <!-- setUp -->
        <test-method status="PASS" signature="AddDashboard(java.lang.String, java.lang.String, java.lang.String, java.lang.String, java.lang.String, java.lang.String, java.lang.String)[pri:0, instance:EncorDashboard.TestScripts.AddDashboard@68be2bc2]" name="AddDashboard" duration-ms="44959" started-at="2018-07-05T20:18:22Z" data-provider="IndicatorDashboard" finished-at="2018-07-05T20:19:07Z">
          <params>
            <param index="0">
              <value>
                <![CDATA[Dashboard4]]>
              </value>
            </param>
            <param index="1">
              <value>
                <![CDATA[Clinical Dashboard]]>
              </value>
            </param>
            <param index="2">
              <value>
                <![CDATA[Monthly Scorecard]]>
              </value>
            </param>
            <param index="3">
              <value>
                <![CDATA[Calendar Year]]>
              </value>
            </param>
            <param index="4">
              <value>
                <![CDATA[Y]]>
              </value>
            </param>
            <param index="5">
              <value>
                <![CDATA[Abdominal Aortic Aneurysm(AAA) Repair Mortality Rate (IQI 11)]]>
              </value>
            </param>
            <param index="6">
              <value>
                <![CDATA[N]]>
              </value>
            </param>
          </params>
          <reporter-output>
          </reporter-output>
        </test-method> <!-- AddDashboard -->
        <test-method status="PASS" signature="tearDown()[pri:0, instance:EncorDashboard.TestScripts.AddDashboard@68be2bc2]" name="tearDown" is-config="true" duration-ms="1543" started-at="2018-07-05T20:19:07Z" finished-at="2018-07-05T20:19:09Z">
          <reporter-output>
          </reporter-output>
        </test-method> <!-- tearDown -->
      </class> <!-- EncorDashboard.TestScripts.AddDashboard -->
    </test> <!-- EncorDashboard.TestScripts -->
  </suite> <!-- src -->
</testng-results>
