<?xml version="1.0" encoding="UTF-8"?>
<testng-results total="1" passed="1" failed="0" skipped="0">
  <reporter-output>
  </reporter-output>
  <suite started-at="2019-03-07T12:42:37Z" name="Default suite" finished-at="2019-03-07T12:43:19Z" duration-ms="41470">
    <groups>
    </groups>
    <test started-at="2019-03-07T12:42:37Z" name="Default test" finished-at="2019-03-07T12:43:19Z" duration-ms="41470">
      <class name="EncorDashboard.TestScripts.UserAdministration">
        <test-method is-config="true" signature="setUp()[pri:0, instance:EncorDashboard.TestScripts.UserAdministration@b62d79]" started-at="2019-03-07T18:12:37Z" name="setUp" finished-at="2019-03-07T18:13:17Z" duration-ms="40239" status="PASS">
          <reporter-output>
          </reporter-output>
        </test-method> <!-- setUp -->
        <test-method signature="UserAdministration()[pri:0, instance:EncorDashboard.TestScripts.UserAdministration@b62d79]" started-at="2019-03-07T18:13:17Z" name="UserAdministration" finished-at="2019-03-07T18:13:17Z" duration-ms="26" status="PASS">
          <reporter-output>
          </reporter-output>
        </test-method> <!-- UserAdministration -->
        <test-method is-config="true" signature="tearDown()[pri:0, instance:EncorDashboard.TestScripts.UserAdministration@b62d79]" started-at="2019-03-07T18:13:17Z" name="tearDown" finished-at="2019-03-07T18:13:19Z" duration-ms="1175" status="PASS">
          <reporter-output>
          </reporter-output>
        </test-method> <!-- tearDown -->
      </class> <!-- EncorDashboard.TestScripts.UserAdministration -->
    </test> <!-- Default test -->
  </suite> <!-- Default suite -->
</testng-results>
