<?xml version="1.0" encoding="UTF-8"?>
<!-- Generated by org.testng.reporters.JUnitXMLReporter -->
<testsuite hostname="Leosavan" name="EncorDashboard.TestScripts" tests="12" failures="2" timestamp="7 Dec 2017 10:13:50 GMT" time="1359.458" errors="0">
  <testcase name="AddDashboard" time="30.625" classname="EncorDashboard.TestScripts.AddDashboard"/>
  <testcase name="AddDashboard" time="53.161" classname="EncorDashboard.TestScripts.AddDashboard"/>
  <testcase name="AddDashboard" time="54.019" classname="EncorDashboard.TestScripts.AddDashboard"/>
  <testcase name="AddDashboard" time="45.131" classname="EncorDashboard.TestScripts.AddDashboard"/>
  <testcase name="AddDashboard" time="46.929" classname="EncorDashboard.TestScripts.AddDashboard"/>
  <testcase name="AddDashboard" time="44.401" classname="EncorDashboard.TestScripts.AddDashboard"/>
  <testcase name="ChangeDashboard" time="70.214" classname="EncorDashboard.TestScripts.ChangeDashboard">
    <failure type="java.lang.AssertionError" message="expected [HAC(M) :: All Categories] but found [Compare ED]">
      <![CDATA[java.lang.AssertionError: expected [HAC(M) :: All Categories] but found [Compare ED]
	at EncorDashboard.TestScripts.ChangeDashboard.ChangeDashboard(ChangeDashboard.java:47)
... Removed 29 stack frames]]>
    </failure>
  </testcase> <!-- ChangeDashboard -->
  <testcase name="SaveView" time="41.194" classname="EncorDashboard.TestScripts.SaveCurrentView"/>
  <testcase name="SetResetDashboard" time="132.973" classname="EncorDashboard.TestScripts.SetResetDashboard">
    <failure type="java.lang.AssertionError" message="expected [HAC(M) :: All Categories] but found [Compare ED]">
      <![CDATA[java.lang.AssertionError: expected [HAC(M) :: All Categories] but found [Compare ED]
	at EncorDashboard.TestScripts.SetResetDashboard.SetResetDashboard(SetResetDashboard.java:51)
... Removed 29 stack frames]]>
    </failure>
  </testcase> <!-- SetResetDashboard -->
  <testcase name="UserAdministration" time="44.286" classname="EncorDashboard.TestScripts.UserAdministration"/>
  <testcase name="UserAccess" time="16.256" classname="EncorDashboard.TestScripts.UserAccess"/>
  <testcase name="ExportDashboard" time="299.227" classname="EncorDashboard.TestScripts.ExportFile"/>
</testsuite> <!-- EncorDashboard.TestScripts -->
